<?xml version="1.0" encoding="UTF-8"?>
<coverage generated="1532511851194" clover="3.2.0">
  <project timestamp="1532511851194" name="All files">
    <metrics statements="39" coveredstatements="39" conditionals="24" coveredconditionals="24" methods="5" coveredmethods="5" elements="68" coveredelements="68" complexity="0" loc="39" ncloc="39" packages="1" files="1" classes="1">
      <file name="index.js" path="/Users/norman/projects/2018/July/packages/deep-object-search/index.js">
        <metrics statements="39" coveredstatements="39" conditionals="24" coveredconditionals="24" methods="5" coveredmethods="5"/>
        <line num="1" count="1" type="stmt"/>
        <line num="2" count="63" type="stmt"/>
        <line num="4" count="486" type="cond" truecount="2" falsecount="0"/>
        <line num="5" count="196" type="stmt"/>
        <line num="7" count="290" type="stmt"/>
        <line num="8" count="290" type="cond" truecount="2" falsecount="0"/>
        <line num="11" count="165" type="stmt"/>
        <line num="13" count="63" type="stmt"/>
        <line num="14" count="63" type="stmt"/>
        <line num="17" count="183" type="cond" truecount="4" falsecount="0"/>
        <line num="18" count="13" type="stmt"/>
        <line num="21" count="170" type="cond" truecount="4" falsecount="0"/>
        <line num="22" count="13" type="stmt"/>
        <line num="25" count="157" type="cond" truecount="2" falsecount="0"/>
        <line num="26" count="37" type="stmt"/>
        <line num="28" count="120" type="stmt"/>
        <line num="31" count="328" type="cond" truecount="2" falsecount="0"/>
        <line num="33" count="157" type="cond" truecount="2" falsecount="0"/>
        <line num="34" count="14" type="stmt"/>
        <line num="35" count="14" type="stmt"/>
        <line num="36" count="14" type="stmt"/>
        <line num="37" count="14" type="stmt"/>
        <line num="38" count="14" type="stmt"/>
        <line num="39" count="14" type="stmt"/>
        <line num="40" count="14" type="stmt"/>
        <line num="41" count="143" type="cond" truecount="2" falsecount="0"/>
        <line num="42" count="22" type="stmt"/>
        <line num="43" count="22" type="stmt"/>
        <line num="44" count="22" type="stmt"/>
        <line num="45" count="22" type="stmt"/>
        <line num="46" count="22" type="stmt"/>
        <line num="47" count="22" type="stmt"/>
        <line num="48" count="22" type="stmt"/>
        <line num="50" count="121" type="stmt"/>
        <line num="51" count="121" type="stmt"/>
        <line num="52" count="308" type="cond" truecount="2" falsecount="0"/>
        <line num="53" count="120" type="stmt"/>
        <line num="59" count="63" type="stmt"/>
        <line num="61" count="63" type="stmt"/>
      </file>
    </metrics>
  </project>
</coverage>
