{"/Users/norman/projects/2018/July/packages/deep-object-search/index.js": {"path":"/Users/norman/projects/2018/July/packages/deep-object-search/index.js","statementMap":{"0":{"start":{"line":1,"column":0},"end":{"line":62,"column":1}},"1":{"start":{"line":2,"column":13},"end":{"line":12,"column":3}},"2":{"start":{"line":4,"column":6},"end":{"line":9,"column":7}},"3":{"start":{"line":5,"column":8},"end":{"line":5,"column":20}},"4":{"start":{"line":7,"column":24},"end":{"line":7,"column":48}},"5":{"start":{"line":8,"column":8},"end":{"line":8,"column":67}},"6":{"start":{"line":11,"column":19},"end":{"line":11,"column":40}},"7":{"start":{"line":13,"column":15},"end":{"line":13,"column":31}},"8":{"start":{"line":14,"column":13},"end":{"line":14,"column":15}},"9":{"start":{"line":17,"column":4},"end":{"line":19,"column":5}},"10":{"start":{"line":18,"column":6},"end":{"line":18,"column":19}},"11":{"start":{"line":21,"column":4},"end":{"line":23,"column":5}},"12":{"start":{"line":22,"column":6},"end":{"line":22,"column":19}},"13":{"start":{"line":25,"column":4},"end":{"line":29,"column":5}},"14":{"start":{"line":26,"column":6},"end":{"line":26,"column":30}},"15":{"start":{"line":28,"column":6},"end":{"line":28,"column":30}},"16":{"start":{"line":31,"column":24},"end":{"line":31,"column":64}},"17":{"start":{"line":31,"column":51},"end":{"line":31,"column":57}},"18":{"start":{"line":33,"column":4},"end":{"line":56,"column":5}},"19":{"start":{"line":34,"column":6},"end":{"line":34,"column":25}},"20":{"start":{"line":35,"column":6},"end":{"line":35,"column":25}},"21":{"start":{"line":36,"column":6},"end":{"line":36,"column":32}},"22":{"start":{"line":37,"column":6},"end":{"line":37,"column":34}},"23":{"start":{"line":38,"column":6},"end":{"line":38,"column":23}},"24":{"start":{"line":39,"column":6},"end":{"line":39,"column":24}},"25":{"start":{"line":40,"column":6},"end":{"line":40,"column":19}},"26":{"start":{"line":41,"column":11},"end":{"line":56,"column":5}},"27":{"start":{"line":42,"column":6},"end":{"line":42,"column":25}},"28":{"start":{"line":43,"column":6},"end":{"line":43,"column":25}},"29":{"start":{"line":44,"column":6},"end":{"line":44,"column":42}},"30":{"start":{"line":45,"column":6},"end":{"line":45,"column":34}},"31":{"start":{"line":46,"column":6},"end":{"line":46,"column":23}},"32":{"start":{"line":47,"column":6},"end":{"line":47,"column":24}},"33":{"start":{"line":48,"column":6},"end":{"line":48,"column":19}},"34":{"start":{"line":50,"column":17},"end":{"line":50,"column":36}},"35":{"start":{"line":51,"column":6},"end":{"line":55,"column":7}},"36":{"start":{"line":52,"column":8},"end":{"line":54,"column":9}},"37":{"start":{"line":53,"column":10},"end":{"line":53,"column":109}},"38":{"start":{"line":59,"column":2},"end":{"line":59,"column":24}},"39":{"start":{"line":61,"column":2},"end":{"line":61,"column":15}}},"fnMap":{"0":{"name":"(anonymous_0)","decl":{"start":{"line":1,"column":17},"end":{"line":1,"column":18}},"loc":{"start":{"line":1,"column":45},"end":{"line":62,"column":1}},"line":1},"1":{"name":"(anonymous_1)","decl":{"start":{"line":3,"column":12},"end":{"line":3,"column":13}},"loc":{"start":{"line":3,"column":24},"end":{"line":10,"column":5}},"line":3},"2":{"name":"(anonymous_2)","decl":{"start":{"line":11,"column":12},"end":{"line":11,"column":13}},"loc":{"start":{"line":11,"column":19},"end":{"line":11,"column":40}},"line":11},"3":{"name":"run","decl":{"start":{"line":16,"column":11},"end":{"line":16,"column":14}},"loc":{"start":{"line":16,"column":101},"end":{"line":57,"column":3}},"line":16},"4":{"name":"(anonymous_4)","decl":{"start":{"line":31,"column":46},"end":{"line":31,"column":47}},"loc":{"start":{"line":31,"column":51},"end":{"line":31,"column":57}},"line":31}},"branchMap":{"0":{"loc":{"start":{"line":4,"column":6},"end":{"line":9,"column":7}},"type":"if","locations":[{"start":{"line":4,"column":6},"end":{"line":9,"column":7}},{"start":{"line":4,"column":6},"end":{"line":9,"column":7}}],"line":4},"1":{"loc":{"start":{"line":8,"column":15},"end":{"line":8,"column":67}},"type":"binary-expr","locations":[{"start":{"line":8,"column":15},"end":{"line":8,"column":33}},{"start":{"line":8,"column":37},"end":{"line":8,"column":67}}],"line":8},"2":{"loc":{"start":{"line":16,"column":28},"end":{"line":16,"column":59}},"type":"default-arg","locations":[{"start":{"line":16,"column":38},"end":{"line":16,"column":59}}],"line":16},"3":{"loc":{"start":{"line":16,"column":61},"end":{"line":16,"column":99}},"type":"default-arg","locations":[{"start":{"line":16,"column":69},"end":{"line":16,"column":99}}],"line":16},"4":{"loc":{"start":{"line":17,"column":4},"end":{"line":19,"column":5}},"type":"if","locations":[{"start":{"line":17,"column":4},"end":{"line":19,"column":5}},{"start":{"line":17,"column":4},"end":{"line":19,"column":5}}],"line":17},"5":{"loc":{"start":{"line":17,"column":8},"end":{"line":17,"column":37}},"type":"binary-expr","locations":[{"start":{"line":17,"column":8},"end":{"line":17,"column":15}},{"start":{"line":17,"column":19},"end":{"line":17,"column":37}}],"line":17},"6":{"loc":{"start":{"line":21,"column":4},"end":{"line":23,"column":5}},"type":"if","locations":[{"start":{"line":21,"column":4},"end":{"line":23,"column":5}},{"start":{"line":21,"column":4},"end":{"line":23,"column":5}}],"line":21},"7":{"loc":{"start":{"line":21,"column":8},"end":{"line":21,"column":31}},"type":"binary-expr","locations":[{"start":{"line":21,"column":8},"end":{"line":21,"column":12}},{"start":{"line":21,"column":16},"end":{"line":21,"column":31}}],"line":21},"8":{"loc":{"start":{"line":25,"column":4},"end":{"line":29,"column":5}},"type":"if","locations":[{"start":{"line":25,"column":4},"end":{"line":29,"column":5}},{"start":{"line":25,"column":4},"end":{"line":29,"column":5}}],"line":25},"9":{"loc":{"start":{"line":31,"column":51},"end":{"line":31,"column":57}},"type":"binary-expr","locations":[{"start":{"line":31,"column":51},"end":{"line":31,"column":52}},{"start":{"line":31,"column":56},"end":{"line":31,"column":57}}],"line":31},"10":{"loc":{"start":{"line":33,"column":4},"end":{"line":56,"column":5}},"type":"if","locations":[{"start":{"line":33,"column":4},"end":{"line":56,"column":5}},{"start":{"line":33,"column":4},"end":{"line":56,"column":5}}],"line":33},"11":{"loc":{"start":{"line":41,"column":11},"end":{"line":56,"column":5}},"type":"if","locations":[{"start":{"line":41,"column":11},"end":{"line":56,"column":5}},{"start":{"line":41,"column":11},"end":{"line":56,"column":5}}],"line":41},"12":{"loc":{"start":{"line":52,"column":8},"end":{"line":54,"column":9}},"type":"if","locations":[{"start":{"line":52,"column":8},"end":{"line":54,"column":9}},{"start":{"line":52,"column":8},"end":{"line":54,"column":9}}],"line":52}},"s":{"0":1,"1":62,"2":470,"3":189,"4":281,"5":281,"6":160,"7":62,"8":62,"9":178,"10":13,"11":165,"12":13,"13":152,"14":36,"15":116,"16":152,"17":308,"18":152,"19":14,"20":14,"21":14,"22":14,"23":14,"24":14,"25":14,"26":138,"27":21,"28":21,"29":21,"30":21,"31":21,"32":21,"33":21,"34":117,"35":117,"36":297,"37":116,"38":62,"39":62},"f":{"0":62,"1":470,"2":160,"3":178,"4":308},"b":{"0":[189,281],"1":[281,281],"2":[62],"3":[62],"4":[13,165],"5":[178,173],"6":[13,152],"7":[165,160],"8":[36,116],"9":[308,308],"10":[14,138],"11":[21,117],"12":[116,181]},"_coverageSchema":"332fd63041d2c1bcb487cc26dd0d5f7d97098a6c","hash":"7e389779c0525f5b1fd32eddbecde62fb2a4e795"}
}
