TN:
SF:/Users/norman/projects/2018/July/packages/deep-object-search/index.js
FN:1,(anonymous_0)
FN:3,(anonymous_1)
FN:11,(anonymous_2)
FN:16,run
FN:31,(anonymous_4)
FNF:5
FNH:5
FNDA:63,(anonymous_0)
FNDA:486,(anonymous_1)
FNDA:165,(anonymous_2)
FNDA:183,run
FNDA:328,(anonymous_4)
DA:1,1
DA:2,63
DA:4,486
DA:5,196
DA:7,290
DA:8,290
DA:11,165
DA:13,63
DA:14,63
DA:17,183
DA:18,13
DA:21,170
DA:22,13
DA:25,157
DA:26,37
DA:28,120
DA:31,328
DA:33,157
DA:34,14
DA:35,14
DA:36,14
DA:37,14
DA:38,14
DA:39,14
DA:40,14
DA:41,143
DA:42,22
DA:43,22
DA:44,22
DA:45,22
DA:46,22
DA:47,22
DA:48,22
DA:50,121
DA:51,121
DA:52,308
DA:53,120
DA:59,63
DA:61,63
LF:39
LH:39
BRDA:4,0,0,196
BRDA:4,0,1,290
BRDA:8,1,0,290
BRDA:8,1,1,290
BRDA:16,2,0,63
BRDA:16,3,0,63
BRDA:17,4,0,13
BRDA:17,4,1,170
BRDA:17,5,0,183
BRDA:17,5,1,178
BRDA:21,6,0,13
BRDA:21,6,1,157
BRDA:21,7,0,170
BRDA:21,7,1,165
BRDA:25,8,0,37
BRDA:25,8,1,120
BRDA:31,9,0,328
BRDA:31,9,1,328
BRDA:33,10,0,14
BRDA:33,10,1,143
BRDA:41,11,0,22
BRDA:41,11,1,121
BRDA:52,12,0,120
BRDA:52,12,1,188
BRF:24
BRH:24
end_of_record
