TN:
SF:/Users/norman/projects/2018/July/packages/deep-object-search/index.js
FN:1,(anonymous_0)
FN:3,(anonymous_1)
FN:11,(anonymous_2)
FN:16,run
FN:31,(anonymous_4)
FNF:5
FNH:5
FNDA:62,(anonymous_0)
FNDA:470,(anonymous_1)
FNDA:160,(anonymous_2)
FNDA:178,run
FNDA:308,(anonymous_4)
DA:1,1
DA:2,62
DA:4,470
DA:5,189
DA:7,281
DA:8,281
DA:11,160
DA:13,62
DA:14,62
DA:17,178
DA:18,13
DA:21,165
DA:22,13
DA:25,152
DA:26,36
DA:28,116
DA:31,308
DA:33,152
DA:34,14
DA:35,14
DA:36,14
DA:37,14
DA:38,14
DA:39,14
DA:40,14
DA:41,138
DA:42,21
DA:43,21
DA:44,21
DA:45,21
DA:46,21
DA:47,21
DA:48,21
DA:50,117
DA:51,117
DA:52,297
DA:53,116
DA:59,62
DA:61,62
LF:39
LH:39
BRDA:4,0,0,189
BRDA:4,0,1,281
BRDA:8,1,0,281
BRDA:8,1,1,281
BRDA:16,2,0,62
BRDA:16,3,0,62
BRDA:17,4,0,13
BRDA:17,4,1,165
BRDA:17,5,0,178
BRDA:17,5,1,173
BRDA:21,6,0,13
BRDA:21,6,1,152
BRDA:21,7,0,165
BRDA:21,7,1,160
BRDA:25,8,0,36
BRDA:25,8,1,116
BRDA:31,9,0,308
BRDA:31,9,1,308
BRDA:33,10,0,14
BRDA:33,10,1,138
BRDA:41,11,0,21
BRDA:41,11,1,117
BRDA:52,12,0,116
BRDA:52,12,1,181
BRF:24
BRH:24
end_of_record
